<?xml version="1.0" encoding="UTF-8"?>
<testsuite name="trello_tests.BoardDeleteTest" tests="1" skipped="0" failures="0" errors="0" timestamp="2019-09-05T11:43:04" hostname="LAPTOP-QSAH0PNH" time="46.033">
  <properties/>
  <testcase name="boardDelete" classname="trello_tests.BoardDeleteTest" time="46.033"/>
  <system-out><![CDATA[This board doesn't exist
]]></system-out>
  <system-err><![CDATA[Starting ChromeDriver 76.0.3809.68 (420c9498db8ce8fcd190a954d51297672c1515d5-refs/branch-heads/3809@{#864}) on port 36688
Only local connections are allowed.
Please protect ports used by ChromeDriver and related test frameworks to prevent access by malicious code.
[1567683762.812][WARNING]: Timed out connecting to Chrome, retrying...
сен 05, 2019 2:42:45 PM org.openqa.selenium.remote.ProtocolHandshake createSession
INFO: Detected dialect: W3C
[1567683767.283][WARNING]: Timed out connecting to Chrome, retrying...
]]></system-err>
</testsuite>
