<?xml version="1.0" encoding="UTF-8"?>
<testsuite name="trello_tests.BoardDeleteTest" tests="1" skipped="0" failures="0" errors="0" timestamp="2019-09-09T11:37:17" hostname="LAPTOP-QSAH0PNH" time="107.389">
  <properties/>
  <testcase name="deletePersonalBoardsWhileCountMoreThanNeedNumber" classname="trello_tests.BoardDeleteTest" time="107.389"/>
  <system-out><![CDATA[hidden
hidden
hidden
]]></system-out>
  <system-err><![CDATA[Starting ChromeDriver 76.0.3809.68 (420c9498db8ce8fcd190a954d51297672c1515d5-refs/branch-heads/3809@{#864}) on port 16995
Only local connections are allowed.
Please protect ports used by ChromeDriver and related test frameworks to prevent access by malicious code.
[1568028977.549][WARNING]: Timed out connecting to Chrome, retrying...
сен 09, 2019 2:36:22 PM org.openqa.selenium.remote.ProtocolHandshake createSession
INFO: Detected dialect: W3C
[1568028985.980][WARNING]: Timed out connecting to Chrome, retrying...
]]></system-err>
</testsuite>
