<?xml version="1.0" encoding="UTF-8"?>
<testsuite name="trello_tests.tests.TeamCreationTests" tests="1" skipped="0" failures="0" errors="0" timestamp="2019-10-04T18:24:42" hostname="LAPTOP-QSAH0PNH" time="42.478">
  <properties/>
  <testcase name="teamCreationFromLeftNavButton" classname="trello_tests.tests.TeamCreationTests" time="42.478"/>
  <system-out><![CDATA[]]></system-out>
  <system-err><![CDATA[]]></system-err>
</testsuite>
