<?xml version="1.0" encoding="UTF-8"?>
<testsuite name="trello_tests.TeamDeleteTest" tests="1" skipped="1" failures="0" errors="0" timestamp="2019-09-15T16:11:06" hostname="LAPTOP-QSAH0PNH" time="384.829">
  <properties/>
  <testcase name="deleteTeamFromLeftNavMenu" classname="trello_tests.TeamDeleteTest" time="384.829">
    <skipped/>
  </testcase>
  <system-out><![CDATA[]]></system-out>
  <system-err><![CDATA[Starting ChromeDriver 76.0.3809.68 (420c9498db8ce8fcd190a954d51297672c1515d5-refs/branch-heads/3809@{#864}) on port 19733
Only local connections are allowed.
Please protect ports used by ChromeDriver and related test frameworks to prevent access by malicious code.
[1568563743.397][WARNING]: Timed out connecting to Chrome, retrying...
сен 15, 2019 7:09:09 PM org.openqa.selenium.remote.ProtocolHandshake createSession
INFO: Detected dialect: W3C
[1568563754.085][WARNING]: Timed out connecting to Chrome, retrying...
]]></system-err>
</testsuite>
