<?xml version="1.0" encoding="UTF-8"?>
<testsuite name="trello_tests.tests.BoardCreationTests" tests="5" skipped="0" failures="0" errors="0" timestamp="2019-09-26T14:02:26" hostname="DESKTOP-NO587MM" time="339.094">
  <properties/>
  <testcase name="createBoardFromCreateBoardButtonDPTest[0](board)" classname="trello_tests.tests.BoardCreationTests" time="44.454"/>
  <testcase name="createBoardFromCreateBoardButtonDPTest[1](BOARD)" classname="trello_tests.tests.BoardCreationTests" time="75.001"/>
  <testcase name="createBoardFromCreateBoardButtonDPTest[2](board13)" classname="trello_tests.tests.BoardCreationTests" time="75.174"/>
  <testcase name="createBoardFromCreateBoardButtonTest" classname="trello_tests.tests.BoardCreationTests" time="80.768"/>
  <testcase name="createBoardFromPlusButtonOnHeaderTest" classname="trello_tests.tests.BoardCreationTests" time="63.618"/>
  <system-out><![CDATA[]]></system-out>
  <system-err><![CDATA[]]></system-err>
</testsuite>
