<?xml version="1.0" encoding="UTF-8"?>
<testsuite name="trello_tests.BoardCreationTests" tests="3" skipped="0" failures="0" errors="0" timestamp="2019-09-03T23:41:25" hostname="LAPTOP-QSAH0PNH" time="32.549">
  <properties/>
  <testcase name="create" classname="trello_tests.BoardCreationTests" time="18.438"/>
  <testcase name="create2" classname="trello_tests.BoardCreationTests" time="7.084"/>
  <testcase name="create3" classname="trello_tests.BoardCreationTests" time="6.888"/>
  <system-out><![CDATA[]]></system-out>
  <system-err><![CDATA[Starting ChromeDriver 76.0.3809.68 (420c9498db8ce8fcd190a954d51297672c1515d5-refs/branch-heads/3809@{#864}) on port 6073
Only local connections are allowed.
Please protect ports used by ChromeDriver and related test frameworks to prevent access by malicious code.
[1567554064.597][WARNING]: Timed out connecting to Chrome, retrying...
сен 04, 2019 2:41:06 AM org.openqa.selenium.remote.ProtocolHandshake createSession
INFO: Detected dialect: W3C
[1567554070.382][WARNING]: Timed out connecting to Chrome, retrying...
]]></system-err>
</testsuite>
