<?xml version="1.0" encoding="UTF-8"?>
<testsuite name="trello_tests.tests.BoardModificationTest" tests="2" skipped="0" failures="0" errors="0" timestamp="2019-09-21T18:46:57" hostname="LAPTOP-QSAH0PNH" time="71.532">
  <properties/>
  <testcase name="testAddListOnBoard" classname="trello_tests.tests.BoardModificationTest" time="36.424"/>
  <testcase name="testRenameBoard" classname="trello_tests.tests.BoardModificationTest" time="33.944"/>
  <system-out><![CDATA[]]></system-out>
  <system-err><![CDATA[]]></system-err>
</testsuite>
