<?xml version="1.0" encoding="UTF-8"?>
<testsuite name="trello_tests.tests.WelcomeScreeenSwipeTests" tests="1" skipped="0" failures="0" errors="0" timestamp="2019-11-19T10:05:35" hostname="DESKTOP-HOH611V" time="10.556">
  <properties/>
  <testcase name="swipeToLeftLeftRight" classname="trello_tests.tests.WelcomeScreeenSwipeTests" time="10.556"/>
  <system-out><![CDATA[12:05:35.982 [Test worker] INFO  trello_tests.tests.TestBase - start test swipeToLeftLeftRight with parameters []
12:05:46.544 [Test worker] INFO  trello_tests.tests.TestBase - stop test swipeToLeftLeftRight with parameters []
________________________________________________________________
]]></system-out>
  <system-err><![CDATA[]]></system-err>
</testsuite>
